<?xml version="1.0"?>
<!DOCTYPE Configure PUBLIC "-//Mort Bay Consulting//DTD Configure//EN" "http://jetty.mortbay.org/configure.dtd">
<Configure class="org.mortbay.jetty.webapp.WebAppContext">
<!--     <Set name="descriptor">src/test/webapp/WEB-INF/web.xml</Set> -->
<!-- 	<Set name="webXmlFile">src/test/webapp/WEB-INF/web.xml</Set> -->
	<Set name="contextPath">/</Set>
	<Set name="baseResource">
		<New class="org.mortbay.resource.ResourceCollection">
			<Arg>
				<Array type="java.lang.String">
					<Item>target/test-classes</Item>
<!-- 					<Item>src/main/webapp</Item> -->
				</Array>
			</Arg>
		</New>
	</Set>
</Configure>